TN:
SF:src/context/index.ts
FN:19,generateRequestId
FN:27,createContext
FN:57,createLambdaContext
FNF:3
FNH:3
FNDA:8,generateRequestId
FNDA:5,createContext
FNDA:3,createLambdaContext
DA:20,8
DA:28,5
DA:29,5
DA:31,5
DA:39,5
DA:40,1
DA:41,1
DA:47,4
DA:51,5
DA:58,3
DA:59,3
DA:61,3
DA:63,3
DA:64,2
DA:65,2
DA:67,1
DA:70,3
LF:17
LH:17
BRDA:39,0,0,1
BRDA:39,0,1,4
BRDA:59,1,0,3
BRDA:59,1,1,2
BRDA:63,2,0,2
BRDA:63,2,1,1
BRF:6
BRH:6
end_of_record
TN:
SF:src/schema/index.ts
FNF:0
FNH:0
DA:8,0
DA:15,0
DA:21,0
LF:3
LH:0
BRF:0
BRH:0
end_of_record
TN:
SF:src/schema/mutations/index.ts
FNF:0
FNH:0
DA:4,0
DA:6,0
LF:2
LH:0
BRF:0
BRH:0
end_of_record
TN:
SF:src/schema/mutations/post.ts
FN:18,(anonymous_0)
FN:27,(anonymous_1)
FN:52,(anonymous_2)
FN:58,(anonymous_3)
FN:83,(anonymous_4)
FN:89,(anonymous_5)
FN:107,(anonymous_6)
FN:113,(anonymous_7)
FN:131,(anonymous_8)
FN:137,(anonymous_9)
FNF:10
FNH:10
FNDA:3,(anonymous_0)
FNDA:3,(anonymous_1)
FNDA:2,(anonymous_2)
FNDA:3,(anonymous_3)
FNDA:2,(anonymous_4)
FNDA:3,(anonymous_5)
FNDA:2,(anonymous_6)
FNDA:4,(anonymous_7)
FNDA:2,(anonymous_8)
FNDA:3,(anonymous_9)
DA:6,11
DA:16,11
DA:19,3
DA:20,3
DA:22,3
DA:23,3
DA:24,3
DA:27,3
DA:28,1
DA:29,1
DA:32,2
DA:41,2
DA:42,2
DA:44,2
DA:45,2
DA:47,1
DA:48,1
DA:53,2
DA:54,2
DA:56,2
DA:57,2
DA:58,3
DA:60,2
DA:61,1
DA:62,1
DA:65,1
DA:72,1
DA:73,1
DA:75,1
DA:76,1
DA:78,0
DA:79,0
DA:84,2
DA:85,2
DA:87,2
DA:88,2
DA:89,3
DA:91,2
DA:92,1
DA:93,1
DA:96,1
DA:97,1
DA:99,1
DA:100,1
DA:102,0
DA:103,0
DA:108,2
DA:109,2
DA:111,2
DA:112,2
DA:113,4
DA:115,2
DA:116,1
DA:117,1
DA:120,1
DA:121,1
DA:123,1
DA:124,1
DA:126,0
DA:127,0
DA:132,2
DA:133,2
DA:135,2
DA:136,2
DA:137,3
DA:139,2
DA:140,1
DA:141,1
DA:144,1
DA:145,1
DA:147,1
DA:148,1
DA:150,0
DA:151,0
LF:74
LH:66
BRDA:27,0,0,1
BRDA:27,0,1,2
BRDA:37,1,0,2
BRDA:37,1,1,1
BRDA:60,2,0,1
BRDA:60,2,1,1
BRDA:67,3,0,1
BRDA:67,3,1,1
BRDA:68,4,0,1
BRDA:68,4,1,0
BRDA:69,5,0,1
BRDA:69,5,1,0
BRDA:91,6,0,1
BRDA:91,6,1,1
BRDA:115,7,0,1
BRDA:115,7,1,1
BRDA:139,8,0,1
BRDA:139,8,1,1
BRF:18
BRH:16
end_of_record
TN:
SF:src/schema/mutations/user.ts
FN:16,(anonymous_0)
FN:24,(anonymous_1)
FN:47,(anonymous_2)
FN:53,(anonymous_3)
FN:62,(anonymous_4)
FN:85,(anonymous_5)
FN:91,(anonymous_6)
FNF:7
FNH:7
FNDA:2,(anonymous_0)
FNDA:3,(anonymous_1)
FNDA:3,(anonymous_2)
FNDA:4,(anonymous_3)
FNDA:2,(anonymous_4)
FNDA:2,(anonymous_5)
FNDA:3,(anonymous_6)
DA:6,7
DA:14,7
DA:17,2
DA:18,2
DA:20,2
DA:21,2
DA:24,3
DA:25,1
DA:26,1
DA:29,1
DA:36,1
DA:37,1
DA:39,1
DA:40,1
DA:42,1
DA:43,1
DA:48,3
DA:49,3
DA:51,3
DA:52,3
DA:53,4
DA:55,3
DA:56,1
DA:57,1
DA:61,2
DA:62,2
DA:63,1
DA:64,1
DA:68,1
DA:74,1
DA:75,1
DA:77,1
DA:78,1
DA:80,1
DA:81,1
DA:86,2
DA:87,2
DA:89,2
DA:90,2
DA:91,3
DA:93,2
DA:94,1
DA:95,1
DA:98,1
DA:99,1
DA:101,1
DA:102,1
DA:104,0
DA:105,0
LF:49
LH:47
BRDA:24,0,0,1
BRDA:24,0,1,1
BRDA:55,1,0,1
BRDA:55,1,1,2
BRDA:61,2,0,1
BRDA:61,2,1,1
BRDA:61,3,0,2
BRDA:61,3,1,1
BRDA:62,4,0,1
BRDA:62,4,1,0
BRDA:70,5,0,1
BRDA:70,5,1,1
BRDA:71,6,0,1
BRDA:71,6,1,0
BRDA:93,7,0,1
BRDA:93,7,1,1
BRF:16
BRH:14
end_of_record
TN:
SF:src/schema/queries/index.ts
FNF:0
FNH:0
DA:4,0
DA:6,0
LF:2
LH:0
BRF:0
BRH:0
end_of_record
TN:
SF:src/schema/queries/post.ts
FN:16,(anonymous_0)
FN:28,(anonymous_1)
FN:33,(anonymous_2)
FN:45,(anonymous_3)
FN:50,(anonymous_4)
FN:60,(anonymous_5)
FN:64,(anonymous_6)
FNF:7
FNH:7
FNDA:2,(anonymous_0)
FNDA:2,(anonymous_1)
FNDA:4,(anonymous_2)
FNDA:1,(anonymous_3)
FNDA:3,(anonymous_4)
FNDA:2,(anonymous_5)
FNDA:3,(anonymous_6)
DA:6,7
DA:14,7
DA:17,2
DA:18,2
DA:19,2
DA:20,2
DA:21,2
DA:22,2
DA:24,0
DA:25,0
DA:29,2
DA:30,2
DA:31,2
DA:32,2
DA:33,4
DA:34,2
DA:35,1
DA:37,1
DA:39,2
DA:41,0
DA:42,0
DA:46,1
DA:47,1
DA:48,1
DA:49,1
DA:50,3
DA:51,1
DA:52,1
DA:54,0
DA:55,0
DA:61,2
DA:62,2
DA:63,2
DA:64,3
DA:65,2
DA:66,1
DA:68,2
LF:37
LH:31
BRDA:34,0,0,1
BRDA:34,0,1,1
BRDA:65,1,0,1
BRDA:65,1,1,1
BRF:4
BRH:4
end_of_record
TN:
SF:src/schema/queries/user.ts
FN:15,(anonymous_0)
FN:27,(anonymous_1)
FN:32,(anonymous_2)
FN:46,(anonymous_3)
FN:50,(anonymous_4)
FNF:5
FNH:5
FNDA:2,(anonymous_0)
FNDA:2,(anonymous_1)
FNDA:3,(anonymous_2)
FNDA:2,(anonymous_3)
FNDA:6,(anonymous_4)
DA:6,6
DA:13,6
DA:16,2
DA:17,2
DA:18,2
DA:19,2
DA:20,2
DA:21,2
DA:23,0
DA:24,0
DA:28,2
DA:29,2
DA:30,2
DA:31,2
DA:32,3
DA:33,2
DA:34,1
DA:36,1
DA:38,2
DA:40,0
DA:41,0
DA:47,2
DA:48,2
DA:49,2
DA:50,6
DA:51,2
DA:52,2
LF:27
LH:23
BRDA:33,0,0,1
BRDA:33,0,1,1
BRF:2
BRH:2
end_of_record
TN:
SF:src/schema/types/index.ts
FNF:0
FNH:0
DA:5,0
DA:15,0
LF:2
LH:0
BRF:0
BRH:0
end_of_record
TN:
SF:src/schema/types/post.ts
FNF:0
FNH:0
DA:1,0
LF:1
LH:0
BRF:0
BRH:0
end_of_record
TN:
SF:src/schema/types/user.ts
FNF:0
FNH:0
DA:1,0
LF:1
LH:0
BRF:0
BRH:0
end_of_record
TN:
SF:src/utils/dataLoader.ts
FN:13,readData
FN:31,writeData
FN:47,generateId
FNF:3
FNH:3
FNDA:38,readData
FNDA:12,writeData
FNDA:6,generateId
DA:6,40
DA:7,40
DA:8,40
DA:14,38
DA:15,38
DA:17,38
DA:18,38
DA:19,37
DA:20,36
DA:21,36
DA:23,2
DA:24,2
DA:32,12
DA:33,12
DA:35,12
DA:36,12
DA:37,11
DA:39,1
DA:40,1
DA:48,6
DA:49,6
DA:50,6
LF:22
LH:22
BRF:0
BRH:0
end_of_record
TN:
SF:src/utils/logger.ts
FN:3,(anonymous_0)
FN:24,(anonymous_1)
FN:35,(anonymous_2)
FN:44,(anonymous_3)
FN:50,(anonymous_4)
FN:61,(anonymous_5)
FN:79,(anonymous_6)
FN:83,(anonymous_7)
FN:87,(anonymous_8)
FN:91,(anonymous_9)
FN:98,(anonymous_10)
FN:102,(anonymous_11)
FN:119,createTracedLogger
FNF:13
FNH:11
FNDA:42,(anonymous_0)
FNDA:252,(anonymous_1)
FNDA:0,(anonymous_2)
FNDA:0,(anonymous_3)
FNDA:199,(anonymous_4)
FNDA:199,(anonymous_5)
FNDA:116,(anonymous_6)
FNDA:63,(anonymous_7)
FNDA:13,(anonymous_8)
FNDA:7,(anonymous_9)
FNDA:1,(anonymous_10)
FNDA:1,(anonymous_11)
FNDA:42,createTracedLogger
DA:3,42
DA:4,42
DA:5,42
DA:6,42
DA:7,42
DA:25,252
DA:26,252
DA:28,252
DA:29,252
DA:36,0
DA:37,0
DA:38,0
DA:45,0
DA:46,0
DA:47,0
DA:51,199
DA:62,199
DA:64,199
DA:65,199
DA:67,199
DA:69,7
DA:70,7
DA:72,13
DA:73,13
DA:75,179
DA:80,116
DA:84,63
DA:88,13
DA:92,7
DA:99,1
DA:100,1
DA:102,1
DA:103,1
DA:104,1
DA:110,42
DA:113,42
DA:120,42
DA:122,42
DA:123,42
DA:124,42
LF:40
LH:34
BRDA:3,0,0,42
BRDA:3,0,1,42
BRDA:24,1,0,0
BRDA:29,2,0,0
BRDA:29,2,1,252
BRDA:29,3,0,0
BRDA:29,3,1,0
BRDA:55,4,0,199
BRDA:55,4,1,65
BRDA:57,5,0,199
BRDA:57,5,1,82
BRDA:62,6,0,0
BRDA:62,6,1,199
BRDA:67,7,0,7
BRDA:67,7,1,13
BRDA:67,7,2,179
BRF:16
BRH:11
end_of_record
